<?xml version="1.0" encoding="UTF-8"?>
<testsuite xmlns:xsi="http://www.w3.org/2001/XMLSchema-instance" xsi:noNamespaceSchemaLocation="https://maven.apache.org/surefire/maven-surefire-plugin/xsd/surefire-test-report.xsd" version="3.0.2" name="com.korber.order_service.integration.InventoryIntegrationTest" time="7.519" tests="2" errors="0" skipped="0" failures="0">
  <properties>
[...]
</properties>
  <testcase name="placeOrder_shouldReturn400_whenInventoryReturnsNull" classname="com.korber.order_service.integration.InventoryIntegrationTest" time="0.255">
    <system-out><![CDATA[2026-03-08T13:06:36.783+05:30  INFO 25832 --- [           main] t.c.s.AnnotationConfigContextLoaderUtils : Could not detect default configuration classes for test class [com.korber.order_service.integration.InventoryIntegrationTest]: InventoryIntegrationTest does not declare any static, non-private, non-final, nested classes annotated with @Configuration.
2026-03-08T13:06:36.809+05:30  INFO 25832 --- [           main] .b.t.c.SpringBootTestContextBootstrapper : Found @SpringBootConfiguration com.korber.order_service.OrderServiceApplication for test class com.korber.order_service.integration.InventoryIntegrationTest

  .   ____          _            __ _ _
 /\\ / ___'_ __ _ _(_)_ __  __ _ \ \ \ \
( ( )\___ | '_ | '_| | '_ \/ _` | \ \ \ \
 \\/  ___)| |_)| | | | | || (_| |  ) ) ) )
  '  |____| .__|_| |_|_| |_\__, | / / / /
 =========|_|==============|___/=/_/_/_/

 :: Spring Boot ::                (v4.0.3)

2026-03-08T13:06:36.887+05:30  INFO 25832 --- [           main] c.k.o.i.InventoryIntegrationTest         : Starting InventoryIntegrationTest using Java 17.0.9 with PID 25832 (started by DV2014TU in C:\Users\DV2014TU\Downloads\order-service)
2026-03-08T13:06:36.888+05:30  INFO 25832 --- [           main] c.k.o.i.InventoryIntegrationTest         : No active profile set, falling back to 1 default profile: "default"
2026-03-08T13:06:37.688+05:30  INFO 25832 --- [           main] .s.d.r.c.RepositoryConfigurationDelegate : Bootstrapping Spring Data JPA repositories in DEFAULT mode.
2026-03-08T13:06:37.787+05:30  INFO 25832 --- [           main] .s.d.r.c.RepositoryConfigurationDelegate : Finished Spring Data repository scanning in 80 ms. Found 1 JPA repository interface.
2026-03-08T13:06:38.439+05:30  INFO 25832 --- [           main] com.zaxxer.hikari.HikariDataSource       : HikariPool-1 - Starting...
2026-03-08T13:06:38.654+05:30  INFO 25832 --- [           main] com.zaxxer.hikari.pool.HikariPool        : HikariPool-1 - Added connection conn0: url=jdbc:h2:mem:orderdb user=SA
2026-03-08T13:06:38.656+05:30  INFO 25832 --- [           main] com.zaxxer.hikari.HikariDataSource       : HikariPool-1 - Start completed.
2026-03-08T13:06:38.717+05:30  INFO 25832 --- [           main] liquibase.database                       : Set default schema name to PUBLIC
2026-03-08T13:06:39.391+05:30  INFO 25832 --- [           main] liquibase.changelog                      : Creating database changelog table with name: PUBLIC.DATABASECHANGELOG
2026-03-08T13:06:39.491+05:30  INFO 25832 --- [           main] liquibase.changelog                      : Reading from PUBLIC.DATABASECHANGELOG
2026-03-08T13:06:39.534+05:30  INFO 25832 --- [           main] liquibase.snapshot                       : Creating snapshot
2026-03-08T13:06:39.682+05:30  INFO 25832 --- [           main] liquibase.lockservice                    : Successfully acquired change log lock
2026-03-08T13:06:39.683+05:30  INFO 25832 --- [           main] liquibase.command                        : Using deploymentId: 2955398374
2026-03-08T13:06:39.687+05:30  INFO 25832 --- [           main] liquibase.changelog                      : Reading from PUBLIC.DATABASECHANGELOG
2026-03-08T13:06:39.743+05:30  INFO 25832 --- [           main] liquibase.ui                             : Running Changeset: db/changelog/01-create-order-table.xml::1::korber
2026-03-08T13:06:39.763+05:30  INFO 25832 --- [           main] liquibase.changelog                      : Table orders created
2026-03-08T13:06:39.765+05:30  INFO 25832 --- [           main] liquibase.changelog                      : ChangeSet db/changelog/01-create-order-table.xml::1::korber ran successfully in 20ms
2026-03-08T13:06:39.773+05:30  INFO 25832 --- [           main] liquibase.ui                             : Running Changeset: db/changelog/02-load-order-data.xml::2::korber
2026-03-08T13:06:39.818+05:30  INFO 25832 --- [           main] liquibase.statement                      : Executing JDBC DML batch was successful. 10 operations were executed, 1 individual UPDATE events were confirmed by the database.
2026-03-08T13:06:39.818+05:30  INFO 25832 --- [           main] liquibase.changelog                      : Data loaded from 'db/changelog/order-data.csv' into table 'orders'
2026-03-08T13:06:39.819+05:30  INFO 25832 --- [           main] liquibase.changelog                      : ChangeSet db/changelog/02-load-order-data.xml::2::korber ran successfully in 46ms
2026-03-08T13:06:39.830+05:30  INFO 25832 --- [           main] liquibase.util                           : UPDATE SUMMARY
2026-03-08T13:06:39.830+05:30  INFO 25832 --- [           main] liquibase.util                           : Run:                          2
2026-03-08T13:06:39.830+05:30  INFO 25832 --- [           main] liquibase.util                           : Previously run:               0
2026-03-08T13:06:39.830+05:30  INFO 25832 --- [           main] liquibase.util                           : Filtered out:                 0
2026-03-08T13:06:39.831+05:30  INFO 25832 --- [           main] liquibase.util                           : -------------------------------
2026-03-08T13:06:39.831+05:30  INFO 25832 --- [           main] liquibase.util                           : Total change sets:            2
2026-03-08T13:06:39.832+05:30  INFO 25832 --- [           main] liquibase.util                           : Update summary generated
2026-03-08T13:06:39.835+05:30  INFO 25832 --- [           main] liquibase.command                        : Update command completed successfully.
2026-03-08T13:06:39.836+05:30  INFO 25832 --- [           main] liquibase.ui                             : Liquibase: Update has been successful. Rows affected: 0
2026-03-08T13:06:39.839+05:30  INFO 25832 --- [           main] liquibase.lockservice                    : Successfully released change log lock
2026-03-08T13:06:39.841+05:30  INFO 25832 --- [           main] liquibase.command                        : Command execution complete
2026-03-08T13:06:41.296+05:30  INFO 25832 --- [           main] org.hibernate.orm.jpa                    : HHH008540: Processing PersistenceUnitInfo [name: default]
2026-03-08T13:06:41.464+05:30  INFO 25832 --- [           main] org.hibernate.orm.core                   : HHH000001: Hibernate ORM core version 7.2.4.Final
2026-03-08T13:06:41.988+05:30  INFO 25832 --- [           main] o.s.o.j.p.SpringPersistenceUnitInfo      : No LoadTimeWeaver setup: ignoring JPA class transformer
2026-03-08T13:06:42.036+05:30  WARN 25832 --- [           main] org.hibernate.orm.deprecation            : HHH90000025: H2Dialect does not need to be specified explicitly using 'hibernate.dialect' (remove the property setting and it will be selected by default)
2026-03-08T13:06:42.049+05:30  INFO 25832 --- [           main] org.hibernate.orm.connections.pooling    : HHH10001005: Database info:
	Database JDBC URL [jdbc:h2:mem:orderdb]
	Database driver: H2 JDBC Driver
	Database dialect: H2Dialect
	Database version: 2.4.240
	Default catalog/schema: ORDERDB/PUBLIC
	Autocommit mode: undefined/unknown
	Isolation level: READ_COMMITTED [default READ_COMMITTED]
	JDBC fetch size: 100
	Pool: DataSourceConnectionProvider
	Minimum pool size: undefined/unknown
	Maximum pool size: undefined/unknown
2026-03-08T13:06:42.810+05:30  INFO 25832 --- [           main] org.hibernate.orm.core                   : HHH000489: No JTA platform available (set 'hibernate.transaction.jta.platform' to enable JTA platform integration)
2026-03-08T13:06:42.815+05:30  INFO 25832 --- [           main] j.LocalContainerEntityManagerFactoryBean : Initialized JPA EntityManagerFactory for persistence unit 'default'
2026-03-08T13:06:42.932+05:30  INFO 25832 --- [           main] o.s.d.j.r.query.QueryEnhancerFactories   : Hibernate is in classpath; If applicable, HQL parser will be used.
2026-03-08T13:06:43.318+05:30  WARN 25832 --- [           main] JpaBaseConfiguration$JpaWebConfiguration : spring.jpa.open-in-view is enabled by default. Therefore, database queries may be performed during view rendering. Explicitly configure spring.jpa.open-in-view to disable this warning
2026-03-08T13:06:43.789+05:30  INFO 25832 --- [           main] o.s.b.h.a.H2ConsoleAutoConfiguration     : H2 console available at '/h2-console'. Database available at 'jdbc:h2:mem:orderdb'
2026-03-08T13:06:43.897+05:30  INFO 25832 --- [           main] o.s.b.t.m.w.SpringBootMockServletContext : Initializing Spring TestDispatcherServlet ''
2026-03-08T13:06:43.897+05:30  INFO 25832 --- [           main] o.s.t.web.servlet.TestDispatcherServlet  : Initializing Servlet ''
2026-03-08T13:06:43.900+05:30  INFO 25832 --- [           main] o.s.t.web.servlet.TestDispatcherServlet  : Completed initialization in 3 ms
2026-03-08T13:06:43.926+05:30  INFO 25832 --- [           main] c.k.o.i.InventoryIntegrationTest         : Started InventoryIntegrationTest in 7.098 seconds (process running for 14.042)
2026-03-08T13:06:43.928+05:30  WARN 25832 --- [           main] o.s.core.events.SpringDocAppInitializer  : SpringDoc /api-docs endpoint is enabled by default. To disable it in production, set the property 'springdoc.api-docs.enabled=false'
2026-03-08T13:06:43.928+05:30  WARN 25832 --- [           main] o.s.core.events.SpringDocAppInitializer  : SpringDoc /swagger-ui.html endpoint is enabled by default. To disable it in production, set the property 'springdoc.swagger-ui.enabled=false'
]]></system-out>
  </testcase>
  <testcase name="placeOrder_shouldSucceed_withMockedInventoryService" classname="com.korber.order_service.integration.InventoryIntegrationTest" time="0.108">
    <system-out><![CDATA[Hibernate: insert into orders (order_date,product_id,product_name,quantity,reserved_batch_ids,status,order_id) values (?,?,?,?,?,?,default)
]]></system-out>
  </testcase>
</testsuite>